[ud-lm] split=train sentences=36404 avg_len=35.7 skipped=0  (ewt=12544, gum=10224, lines=3457, partut=1781, atis=4274, esl=4124)
[ud-lm] split=dev sentences=5922 avg_len=33.5 skipped=0  (ewt=2001, gum=1575, lines=1118, partut=156, atis=572, esl=500)
==============================================================================
start  2026-05-03T03:01:11
preset=prod  params=302.49M  vocab=76  d=1024 h=16 L=24 ff=4096 seq=96
device=cuda  amp=True  batch=8  steps=15000  lr=0.0003->1e-05 warmup=100
data: UD English EWT  train=36404 sentences  dev=5922
ckpts -> src/sara_brain/cortex/checkpoints
==============================================================================
  step    loss     ppl     lr       tok/s     gpu
-------------------------------------------------
     1  4.4545   86.01  6.00e-06       978    4866MB (peak 6076MB)
    20  3.3160   27.55  6.30e-05      4705    4861MB (peak 6076MB)
    40  1.6768    5.35  1.23e-04      4614    4861MB (peak 6076MB)
    60  1.6428    5.17  1.83e-04      4639    4861MB (peak 6076MB)
    80  1.6065    4.99  2.43e-04      4628    4861MB (peak 6076MB)
   100  1.7279    5.63  3.00e-04      4629    4861MB (peak 6076MB)
   120  1.6414    5.16  3.00e-04      4700    4861MB (peak 6076MB)
   140  1.5751    4.83  3.00e-04      4694    4861MB (peak 6076MB)
   160  1.4687    4.34  3.00e-04      4585    4861MB (peak 6076MB)
   180  1.6977    5.46  3.00e-04      4483    4861MB (peak 6076MB)
   200  1.4924    4.45  3.00e-04      4395    4861MB (peak 6076MB)
   220  1.5556    4.74  3.00e-04      4416    4861MB (peak 6076MB)
   240  1.3764    3.96  3.00e-04      4231    4861MB (peak 6076MB)
   260  1.3619    3.90  3.00e-04      4294    4861MB (peak 6076MB)
   280  1.4832    4.41  3.00e-04      4385    4861MB (peak 6076MB)
   300  1.6171    5.04  3.00e-04      4557    4861MB (peak 6076MB)
   320  1.2293    3.42  3.00e-04      4567    4861MB (peak 6076MB)
   340  1.4001    4.06  3.00e-04      4628    4861MB (peak 6076MB)
   360  1.4253    4.16  3.00e-04      4719    4861MB (peak 6076MB)
   380  1.5270    4.60  3.00e-04      4677    4861MB (peak 6076MB)
   400  1.5075    4.52  3.00e-04      4694    4861MB (peak 6076MB)
   420  1.6077    4.99  3.00e-04      4756    4861MB (peak 6076MB)
   440  1.3468    3.85  3.00e-04      4732    4861MB (peak 6076MB)
   460  1.4177    4.13  3.00e-04      4749    4861MB (peak 6076MB)
   480  1.2614    3.53  3.00e-04      4578    4861MB (peak 6076MB)
   500  1.3454    3.84  2.99e-04      4715    4861MB (peak 6076MB)
[eval] step=500  dev_ppl=3.825
[ckpt] src/sara_brain/cortex/checkpoints/grammar_prod_000500.pt
   520  1.6031    4.97  2.99e-04      1570    4861MB (peak 6076MB)
   540  1.1846    3.27  2.99e-04      4689    4861MB (peak 6076MB)
   560  1.3332    3.79  2.99e-04      4779    4861MB (peak 6076MB)
   580  1.1280    3.09  2.99e-04      4619    4861MB (peak 6076MB)
   600  1.2988    3.66  2.99e-04      4557    4861MB (peak 6076MB)
   620  1.2915    3.64  2.99e-04      4757    4861MB (peak 6076MB)
   640  1.1721    3.23  2.99e-04      4759    4861MB (peak 6076MB)
   660  1.1652    3.21  2.99e-04      4559    4861MB (peak 6076MB)
   680  1.2511    3.49  2.99e-04      4752    4861MB (peak 6076MB)
   700  1.2136    3.37  2.99e-04      4681    4861MB (peak 6076MB)
   720  1.2682    3.55  2.99e-04      4633    4861MB (peak 6076MB)
   740  1.6261    5.08  2.99e-04      4559    4861MB (peak 6076MB)
   760  1.4424    4.23  2.99e-04      4750    4861MB (peak 6076MB)
   780  1.2590    3.52  2.99e-04      4688    4861MB (peak 6076MB)
   800  1.2899    3.63  2.98e-04      4554    4861MB (peak 6076MB)
   820  1.2754    3.58  2.98e-04      4665    4861MB (peak 6076MB)
   840  1.4055    4.08  2.98e-04      4695    4861MB (peak 6076MB)
   860  1.3051    3.69  2.98e-04      4668    4861MB (peak 6076MB)
   880  1.3598    3.90  2.98e-04      4663    4861MB (peak 6076MB)
   900  1.2938    3.65  2.98e-04      4738    4861MB (peak 6076MB)
   920  1.2439    3.47  2.98e-04      4750    4861MB (peak 6076MB)
   940  1.3666    3.92  2.98e-04      4614    4861MB (peak 6076MB)
   960  1.1433    3.14  2.98e-04      4712    4861MB (peak 6076MB)
   980  1.4654    4.33  2.98e-04      4686    4861MB (peak 6076MB)
  1000  1.3226    3.75  2.97e-04      4767    4861MB (peak 6076MB)
[eval] step=1000  dev_ppl=3.550
[ckpt] src/sara_brain/cortex/checkpoints/grammar_prod_001000.pt
  1020  1.1671    3.21  2.97e-04      1508    4861MB (peak 6076MB)
  1040  1.3105    3.71  2.97e-04      4704    4861MB (peak 6076MB)
  1060  1.1854    3.27  2.97e-04      4779    4861MB (peak 6076MB)
  1080  1.4501    4.26  2.97e-04      4694    4861MB (peak 6076MB)
  1100  1.0972    3.00  2.97e-04      4633    4861MB (peak 6076MB)
  1120  1.1356    3.11  2.97e-04      4718    4861MB (peak 6076MB)
  1140  1.3140    3.72  2.97e-04      4716    4861MB (peak 6076MB)
  1160  1.2815    3.60  2.96e-04      4456    4861MB (peak 6076MB)
  1180  1.2038    3.33  2.96e-04      4671    4861MB (peak 6076MB)
  1200  1.1911    3.29  2.96e-04      4678    4861MB (peak 6076MB)
  1220  1.4312    4.18  2.96e-04      4751    4861MB (peak 6076MB)
  1240  1.2826    3.61  2.96e-04      4704    4861MB (peak 6076MB)
  1260  1.3501    3.86  2.96e-04      4717    4861MB (peak 6076MB)
  1280  1.2193    3.38  2.96e-04      4589    4861MB (peak 6076MB)
  1300  1.2416    3.46  2.95e-04      4585    4861MB (peak 6076MB)
  1320  1.1000    3.00  2.95e-04      4393    4861MB (peak 6076MB)
  1340  1.2157    3.37  2.95e-04      4475    4861MB (peak 6076MB)
  1360  1.3245    3.76  2.95e-04      4422    4861MB (peak 6076MB)
  1380  1.4940    4.45  2.95e-04      4187    4861MB (peak 6076MB)
  1400  1.1426    3.14  2.95e-04      4372    4861MB (peak 6076MB)
  1420  1.3044    3.69  2.94e-04      4532    4861MB (peak 6076MB)
  1440  1.1668    3.21  2.94e-04      4361    4861MB (peak 6076MB)
  1460  1.2970    3.66  2.94e-04      4468    4861MB (peak 6076MB)
  1480  1.2926    3.64  2.94e-04      4544    4861MB (peak 6076MB)
  1500  1.2910    3.64  2.94e-04      4534    4861MB (peak 6076MB)
[eval] step=1500  dev_ppl=3.337
[ckpt] src/sara_brain/cortex/checkpoints/grammar_prod_001500.pt
  1520  1.2322    3.43  2.94e-04      1533    4861MB (peak 6076MB)
  1540  1.1266    3.09  2.93e-04      4532    4861MB (peak 6076MB)
  1560  1.2163    3.37  2.93e-04      4552    4861MB (peak 6076MB)
  1580  1.2473    3.48  2.93e-04      4545    4861MB (peak 6076MB)
  1600  1.4107    4.10  2.93e-04      4461    4861MB (peak 6076MB)
  1620  1.1756    3.24  2.93e-04      4567    4861MB (peak 6076MB)
  1640  1.2146    3.37  2.92e-04      4542    4861MB (peak 6076MB)
  1660  1.4403    4.22  2.92e-04      4547    4861MB (peak 6076MB)
  1680  1.1900    3.29  2.92e-04      4489    4861MB (peak 6076MB)
  1700  0.9640    2.62  2.92e-04      4481    4861MB (peak 6076MB)
  1720  1.1154    3.05  2.92e-04      4584    4861MB (peak 6076MB)
  1740  1.1108    3.04  2.91e-04      4534    4861MB (peak 6076MB)
  1760  1.1042    3.02  2.91e-04      4516    4861MB (peak 6076MB)
  1780  1.2650    3.54  2.91e-04      4487    4861MB (peak 6076MB)
  1800  1.3220    3.75  2.91e-04      4566    4861MB (peak 6076MB)
  1820  1.2712    3.57  2.91e-04      4568    4861MB (peak 6076MB)
  1840  1.2760    3.58  2.90e-04      4510    4861MB (peak 6076MB)
  1860  1.0534    2.87  2.90e-04      4490    4861MB (peak 6076MB)
  1880  1.3815    3.98  2.90e-04      4571    4861MB (peak 6076MB)
  1900  1.4310    4.18  2.90e-04      4562    4861MB (peak 6076MB)
  1920  1.2784    3.59  2.89e-04      4502    4861MB (peak 6076MB)
  1940  1.2090    3.35  2.89e-04      4503    4861MB (peak 6076MB)
  1960  1.2215    3.39  2.89e-04      3377    4861MB (peak 6076MB)
  1980  1.1347    3.11  2.89e-04      4555    4861MB (peak 6076MB)
  2000  1.2665    3.55  2.89e-04      4425    4861MB (peak 6076MB)
[eval] step=2000  dev_ppl=3.462
[ckpt] src/sara_brain/cortex/checkpoints/grammar_prod_002000.pt
  2020  1.0923    2.98  2.88e-04      1473    4861MB (peak 6076MB)
  2040  1.2104    3.35  2.88e-04      4506    4861MB (peak 6076MB)
  2060  0.9203    2.51  2.88e-04      4538    4861MB (peak 6076MB)
  2080  1.3368    3.81  2.88e-04      4535    4861MB (peak 6076MB)
  2100  1.3993    4.05  2.87e-04      4576    4861MB (peak 6076MB)
  2120  1.2543    3.51  2.87e-04      4589    4861MB (peak 6076MB)
  2140  1.2942    3.65  2.87e-04      4458    4861MB (peak 6076MB)
  2160  1.2049    3.34  2.87e-04      4533    4861MB (peak 6076MB)
  2180  1.1959    3.31  2.86e-04      4601    4861MB (peak 6076MB)
  2200  1.3698    3.93  2.86e-04      4583    4861MB (peak 6076MB)
  2220  1.2321    3.43  2.86e-04      4531    4861MB (peak 6076MB)
  2240  1.2962    3.66  2.85e-04      4589    4861MB (peak 6076MB)
  2260  1.2594    3.52  2.85e-04      4539    4861MB (peak 6076MB)
  2280  1.2407    3.46  2.85e-04      4582    4861MB (peak 6076MB)
  2300  1.3119    3.71  2.85e-04      4516    4861MB (peak 6076MB)
  2320  1.2159    3.37  2.84e-04      4554    4861MB (peak 6076MB)
  2340  1.2771    3.59  2.84e-04      4526    4861MB (peak 6076MB)
  2360  1.0130    2.75  2.84e-04      4582    4861MB (peak 6076MB)
  2380  1.2395    3.45  2.84e-04      4570    4861MB (peak 6076MB)
  2400  1.2606    3.53  2.83e-04      4526    4861MB (peak 6076MB)
  2420  1.2775    3.59  2.83e-04      4530    4861MB (peak 6076MB)
  2440  1.0735    2.93  2.83e-04      4576    4861MB (peak 6076MB)
  2460  1.3132    3.72  2.82e-04      4565    4861MB (peak 6076MB)
  2480  1.3164    3.73  2.82e-04      4545    4861MB (peak 6076MB)
  2500  1.2024    3.33  2.82e-04      4396    4861MB (peak 6076MB)
[eval] step=2500  dev_ppl=3.403
[ckpt] src/sara_brain/cortex/checkpoints/grammar_prod_002500.pt
  2520  1.3662    3.92  2.82e-04      1429    4861MB (peak 6076MB)
  2540  1.3553    3.88  2.81e-04      4549    4861MB (peak 6076MB)
  2560  1.2889    3.63  2.81e-04      4574    4861MB (peak 6076MB)
  2580  1.2873    3.62  2.81e-04      4502    4861MB (peak 6076MB)
  2600  1.2044    3.33  2.80e-04      4503    4861MB (peak 6076MB)
  2620  1.2367    3.44  2.80e-04      4535    4861MB (peak 6076MB)
  2640  1.0659    2.90  2.80e-04      4576    4861MB (peak 6076MB)
  2660  1.4936    4.45  2.79e-04      4565    4861MB (peak 6076MB)
  2680  1.1932    3.30  2.79e-04      4519    4861MB (peak 6076MB)
  2700  1.4133    4.11  2.79e-04      4549    4861MB (peak 6076MB)
  2720  1.4050    4.08  2.78e-04      4562    4861MB (peak 6076MB)
  2740  1.1570    3.18  2.78e-04      4558    4861MB (peak 6076MB)
  2760  1.2194    3.39  2.78e-04      4502    4861MB (peak 6076MB)
  2780  1.2893    3.63  2.77e-04      4496    4861MB (peak 6076MB)
  2800  1.2290    3.42  2.77e-04      4541    4861MB (peak 6076MB)
  2820  1.2743    3.58  2.77e-04      4553    4861MB (peak 6076MB)
  2840  1.2098    3.35  2.76e-04      4542    4861MB (peak 6076MB)
  2860  1.1423    3.13  2.76e-04      4518    4861MB (peak 6076MB)
  2880  1.1966    3.31  2.76e-04      4462    4861MB (peak 6076MB)
  2900  1.1571    3.18  2.75e-04      4445    4861MB (peak 6076MB)
  2920  1.1910    3.29  2.75e-04      4508    4861MB (peak 6076MB)
  2940  1.2634    3.54  2.75e-04      4355    4861MB (peak 6076MB)
  2960  1.2168    3.38  2.74e-04      1292    4861MB (peak 6076MB)
  2980  1.1074    3.03  2.74e-04      4558    4861MB (peak 6076MB)
  3000  1.2613    3.53  2.74e-04      4546    4861MB (peak 6076MB)
[eval] step=3000  dev_ppl=3.116
[ckpt] src/sara_brain/cortex/checkpoints/grammar_prod_003000.pt
  3020  1.0672    2.91  2.73e-04      1380    4861MB (peak 6076MB)
  3040  1.2134    3.36  2.73e-04      4507    4861MB (peak 6076MB)
  3060  1.1348    3.11  2.73e-04      4537    4861MB (peak 6076MB)
  3080  1.1945    3.30  2.72e-04      4549    4861MB (peak 6076MB)
  3100  1.3149    3.72  2.72e-04      4584    4861MB (peak 6076MB)
  3120  1.0886    2.97  2.72e-04      4581    4861MB (peak 6076MB)
  3140  1.3109    3.71  2.71e-04      4604    4861MB (peak 6076MB)
  3160  1.1154    3.05  2.71e-04      4597    4861MB (peak 6076MB)
  3180  1.1944    3.30  2.70e-04      4620    4861MB (peak 6076MB)
  3200  1.1890    3.28  2.70e-04      4593    4861MB (peak 6076MB)
  3220  1.2194    3.39  2.70e-04      4487    4861MB (peak 6076MB)
  3240  1.2634    3.54  2.69e-04      4544    4861MB (peak 6076MB)
  3260  1.3146    3.72  2.69e-04      4598    4861MB (peak 6076MB)
  3280  1.3301    3.78  2.69e-04      4605    4861MB (peak 6076MB)
  3300  1.2086    3.35  2.68e-04      4563    4861MB (peak 6076MB)
  3320  1.2079    3.35  2.68e-04      4568    4861MB (peak 6076MB)
  3340  1.2802    3.60  2.67e-04      4599    4861MB (peak 6076MB)
  3360  1.4044    4.07  2.67e-04      4559    4861MB (peak 6076MB)
  3380  1.1742    3.24  2.67e-04      4516    4861MB (peak 6076MB)
  3400  1.3961    4.04  2.66e-04      4541    4861MB (peak 6076MB)
  3420  1.3149    3.72  2.66e-04      4577    4861MB (peak 6076MB)
  3440  1.0717    2.92  2.66e-04      4591    4861MB (peak 6076MB)
  3460  1.3009    3.67  2.65e-04      4552    4861MB (peak 6076MB)
  3480  1.1107    3.04  2.65e-04      4441    4861MB (peak 6076MB)
  3500  1.0910    2.98  2.64e-04      4552    4861MB (peak 6076MB)
[eval] step=3500  dev_ppl=3.281
[ckpt] src/sara_brain/cortex/checkpoints/grammar_prod_003500.pt
  3520  1.2106    3.36  2.64e-04      1404    4861MB (peak 6076MB)
  3540  1.4389    4.22  2.64e-04      4562    4861MB (peak 6076MB)
  3560  1.1625    3.20  2.63e-04      4585    4861MB (peak 6076MB)
  3580  1.1717    3.23  2.63e-04      4505    4861MB (peak 6076MB)
  3600  1.2991    3.67  2.62e-04      4496    4861MB (peak 6076MB)
  3620  1.3946    4.03  2.62e-04      4456    4861MB (peak 6076MB)
  3640  1.1165    3.05  2.61e-04      4550    4861MB (peak 6076MB)
  3660  1.1275    3.09  2.61e-04      4575    4861MB (peak 6076MB)
  3680  1.1634    3.20  2.61e-04      4487    4861MB (peak 6076MB)
  3700  1.4516    4.27  2.60e-04      4479    4861MB (peak 6076MB)
  3720  1.0597    2.89  2.60e-04      4568    4861MB (peak 6076MB)
  3740  1.1493    3.16  2.59e-04      4548    4861MB (peak 6076MB)
  3760  1.0718    2.92  2.59e-04      4610    4861MB (peak 6076MB)
  3780  1.1488    3.15  2.58e-04      4601    4861MB (peak 6076MB)
  3800  1.1029    3.01  2.58e-04      4595    4861MB (peak 6076MB)
  3820  1.1927    3.30  2.58e-04      4571    4861MB (peak 6076MB)
  3840  1.3612    3.90  2.57e-04      4409    4861MB (peak 6076MB)
  3860  1.2097    3.35  2.57e-04      4530    4861MB (peak 6076MB)
  3880  1.1903    3.29  2.56e-04      4565    4861MB (peak 6076MB)
  3900  1.2993    3.67  2.56e-04      4540    4861MB (peak 6076MB)
  3920  1.1122    3.04  2.55e-04      4581    4861MB (peak 6076MB)
  3940  1.1665    3.21  2.55e-04      4583    4861MB (peak 6076MB)
  3960  1.1815    3.26  2.55e-04      4564    4861MB (peak 6076MB)
  3980  1.2487    3.49  2.54e-04      4565    4861MB (peak 6076MB)
  4000  1.0287    2.80  2.54e-04      4601    4861MB (peak 6076MB)
[eval] step=4000  dev_ppl=3.274
[ckpt] src/sara_brain/cortex/checkpoints/grammar_prod_004000.pt
  4020  1.1368    3.12  2.53e-04      1743    4861MB (peak 6076MB)
  4040  1.2806    3.60  2.53e-04      4589    4861MB (peak 6076MB)
  4060  1.1409    3.13  2.52e-04      4574    4861MB (peak 6076MB)
  4080  1.2929    3.64  2.52e-04      4599    4861MB (peak 6076MB)
  4100  1.1062    3.02  2.51e-04      4608    4861MB (peak 6076MB)
  4120  1.1026    3.01  2.51e-04      4580    4861MB (peak 6076MB)
  4140  1.2855    3.62  2.50e-04      4602    4861MB (peak 6076MB)
  4160  1.0636    2.90  2.50e-04      4618    4861MB (peak 6076MB)
  4180  1.2311    3.43  2.50e-04      4602    4861MB (peak 6076MB)
  4200  1.1162    3.05  2.49e-04      4603    4861MB (peak 6076MB)
  4220  1.0762    2.93  2.49e-04      4527    4861MB (peak 6076MB)
  4240  1.1165    3.05  2.48e-04      4578    4861MB (peak 6076MB)
  4260  1.0030    2.73  2.48e-04      4594    4861MB (peak 6076MB)
  4280  1.1756    3.24  2.47e-04      4551    4861MB (peak 6076MB)
  4300  1.2131    3.36  2.47e-04      4531    4861MB (peak 6076MB)
  4320  1.2922    3.64  2.46e-04      4559    4861MB (peak 6076MB)
  4340  1.2215    3.39  2.46e-04      4598    4861MB (peak 6076MB)
  4360  1.1949    3.30  2.45e-04      4610    4861MB (peak 6076MB)
  4380  1.1534    3.17  2.45e-04      4563    4861MB (peak 6076MB)
  4400  1.4135    4.11  2.44e-04      4561    4861MB (peak 6076MB)
  4420  1.0939    2.99  2.44e-04      4602    4861MB (peak 6076MB)
  4440  1.2817    3.60  2.43e-04      4609    4861MB (peak 6076MB)
  4460  1.1383    3.12  2.43e-04      4600    4861MB (peak 6076MB)
  4480  1.3023    3.68  2.42e-04      4547    4861MB (peak 6076MB)
  4500  1.1808    3.26  2.42e-04      4613    4861MB (peak 6076MB)
[eval] step=4500  dev_ppl=3.108
[ckpt] src/sara_brain/cortex/checkpoints/grammar_prod_004500.pt
  4520  1.1174    3.06  2.41e-04      1750    4861MB (peak 6076MB)
  4540  0.9995    2.72  2.41e-04      4551    4861MB (peak 6076MB)
  4560  1.3302    3.78  2.40e-04      4620    4861MB (peak 6076MB)
  4580  1.4242    4.15  2.40e-04      4611    4861MB (peak 6076MB)
  4600  1.1368    3.12  2.39e-04      4612    4861MB (peak 6076MB)
  4620  1.1082    3.03  2.39e-04      4525    4861MB (peak 6076MB)
  4640  1.2182    3.38  2.38e-04      4623    4861MB (peak 6076MB)
  4660  1.2264    3.41  2.38e-04      4600    4861MB (peak 6076MB)
  4680  1.2444    3.47  2.37e-04      4549    4861MB (peak 6076MB)
  4700  1.2674    3.55  2.37e-04      4554    4861MB (peak 6076MB)
  4720  1.2806    3.60  2.36e-04      4588    4861MB (peak 6076MB)
  4740  1.1056    3.02  2.36e-04      4605    4861MB (peak 6076MB)
  4760  1.1142    3.05  2.35e-04      4579    4861MB (peak 6076MB)
  4780  1.1908    3.29  2.35e-04      4625    4861MB (peak 6076MB)
  4800  1.1566    3.18  2.34e-04      4600    4861MB (peak 6076MB)
  4820  1.1651    3.21  2.34e-04      4548    4861MB (peak 6076MB)
  4840  1.2156    3.37  2.33e-04      4600    4861MB (peak 6076MB)
  4860  1.2937    3.65  2.33e-04      4573    4861MB (peak 6076MB)
  4880  1.2722    3.57  2.32e-04      4548    4861MB (peak 6076MB)
  4900  1.2410    3.46  2.32e-04      4537    4861MB (peak 6076MB)
  4920  1.0644    2.90  2.31e-04      4435    4861MB (peak 6076MB)
  4940  1.1347    3.11  2.31e-04      4540    4861MB (peak 6076MB)
  4960  1.0955    2.99  2.30e-04      4504    4861MB (peak 6076MB)
  4980  1.1171    3.06  2.30e-04      4500    4861MB (peak 6076MB)
  5000  1.1405    3.13  2.29e-04      4521    4861MB (peak 6076MB)
[eval] step=5000  dev_ppl=3.068
[ckpt] src/sara_brain/cortex/checkpoints/grammar_prod_005000.pt
  5020  1.0373    2.82  2.29e-04      1623    4861MB (peak 6076MB)
  5040  1.2177    3.38  2.28e-04      4545    4861MB (peak 6076MB)
  5060  1.1575    3.18  2.28e-04      4537    4861MB (peak 6076MB)
  5080  1.2383    3.45  2.27e-04      4515    4861MB (peak 6076MB)
  5100  1.0297    2.80  2.27e-04      4510    4861MB (peak 6076MB)
  5120  1.1594    3.19  2.26e-04      4481    4861MB (peak 6076MB)
  5140  1.2190    3.38  2.26e-04      4462    4861MB (peak 6076MB)
  5160  1.1210    3.07  2.25e-04      4494    4861MB (peak 6076MB)
  5180  1.2499    3.49  2.24e-04      4585    4861MB (peak 6076MB)
  5200  1.2224    3.40  2.24e-04      4513    4861MB (peak 6076MB)
  5220  1.2850    3.61  2.23e-04      4508    4861MB (peak 6076MB)
  5240  1.1021    3.01  2.23e-04      4595    4861MB (peak 6076MB)
  5260  1.2101    3.35  2.22e-04      4564    4861MB (peak 6076MB)
  5280  1.1369    3.12  2.22e-04      4566    4861MB (peak 6076MB)
  5300  1.1945    3.30  2.21e-04      4580    4861MB (peak 6076MB)
  5320  1.2737    3.57  2.21e-04      4466    4861MB (peak 6076MB)
  5340  1.2361    3.44  2.20e-04      4575    4861MB (peak 6076MB)
  5360  1.0392    2.83  2.20e-04      4619    4861MB (peak 6076MB)
  5380  1.1797    3.25  2.19e-04      4572    4861MB (peak 6076MB)
  5400  1.2745    3.58  2.19e-04      4609    4861MB (peak 6076MB)
  5420  1.3582    3.89  2.18e-04      4525    4861MB (peak 6076MB)
  5440  1.2668    3.55  2.17e-04      4611    4861MB (peak 6076MB)
  5460  1.0545    2.87  2.17e-04      4569    4861MB (peak 6076MB)
  5480  1.1525    3.17  2.16e-04      4585    4861MB (peak 6076MB)
  5500  1.2374    3.45  2.16e-04      4557    4861MB (peak 6076MB)
[eval] step=5500  dev_ppl=3.102
[ckpt] src/sara_brain/cortex/checkpoints/grammar_prod_005500.pt
  5520  1.1091    3.03  2.15e-04      1723    4861MB (peak 6076MB)
  5540  1.0714    2.92  2.15e-04      4554    4861MB (peak 6076MB)
  5560  1.2488    3.49  2.14e-04      4547    4861MB (peak 6076MB)
  5580  1.3039    3.68  2.14e-04      4585    4861MB (peak 6076MB)
  5600  1.1011    3.01  2.13e-04      4594    4861MB (peak 6076MB)
  5620  1.2114    3.36  2.12e-04      4572    4861MB (peak 6076MB)
  5640  1.1154    3.05  2.12e-04      4565    4861MB (peak 6076MB)
  5660  1.0967    2.99  2.11e-04      4496    4861MB (peak 6076MB)
  5680  1.0109    2.75  2.11e-04      4566    4861MB (peak 6076MB)
  5700  1.1331    3.11  2.10e-04      4615    4861MB (peak 6076MB)
  5720  1.0977    3.00  2.10e-04      4597    4861MB (peak 6076MB)
  5740  1.2698    3.56  2.09e-04      4542    4861MB (peak 6076MB)
  5760  1.2650    3.54  2.08e-04      4537    4861MB (peak 6076MB)
  5780  1.2515    3.50  2.08e-04      4551    4861MB (peak 6076MB)
  5800  1.3010    3.67  2.07e-04      4475    4861MB (peak 6076MB)
  5820  1.1037    3.02  2.07e-04      4597    4861MB (peak 6076MB)
  5840  1.0903    2.98  2.06e-04      4573    4861MB (peak 6076MB)
  5860  1.2333    3.43  2.06e-04      4504    4861MB (peak 6076MB)
  5880  1.2292    3.42  2.05e-04      4584    4861MB (peak 6076MB)
  5900  1.0560    2.87  2.04e-04      4564    4861MB (peak 6076MB)
  5920  1.2390    3.45  2.04e-04      4618    4861MB (peak 6076MB)
  5940  1.1212    3.07  2.03e-04      4607    4861MB (peak 6076MB)
  5960  1.3018    3.68  2.03e-04      4605    4861MB (peak 6076MB)
  5980  1.0280    2.80  2.02e-04      4571    4861MB (peak 6076MB)
  6000  0.9617    2.62  2.02e-04      4538    4861MB (peak 6076MB)
[eval] step=6000  dev_ppl=3.259
[ckpt] src/sara_brain/cortex/checkpoints/grammar_prod_006000.pt
  6020  1.1592    3.19  2.01e-04      1728    4861MB (peak 6076MB)
  6040  1.2790    3.59  2.00e-04      4536    4861MB (peak 6076MB)
  6060  1.1983    3.31  2.00e-04      4547    4861MB (peak 6076MB)
  6080  1.1320    3.10  1.99e-04      4606    4861MB (peak 6076MB)
  6100  0.9176    2.50  1.99e-04      4561    4861MB (peak 6076MB)
  6120  1.0943    2.99  1.98e-04      4501    4861MB (peak 6076MB)
  6140  1.2610    3.53  1.97e-04      4518    4861MB (peak 6076MB)
  6160  1.1764    3.24  1.97e-04      4611    4861MB (peak 6076MB)
  6180  1.1467    3.15  1.96e-04      4568    4861MB (peak 6076MB)
  6200  1.1538    3.17  1.96e-04      4424    4861MB (peak 6076MB)
  6220  1.0153    2.76  1.95e-04      4478    4861MB (peak 6076MB)
  6240  1.1848    3.27  1.95e-04      4608    4861MB (peak 6076MB)
  6260  1.2487    3.49  1.94e-04      4599    4861MB (peak 6076MB)
  6280  1.1222    3.07  1.93e-04      4510    4861MB (peak 6076MB)
  6300  1.2439    3.47  1.93e-04      4497    4861MB (peak 6076MB)
  6320  1.1049    3.02  1.92e-04      4611    4861MB (peak 6076MB)
  6340  1.0297    2.80  1.92e-04      4599    4861MB (peak 6076MB)
  6360  0.9771    2.66  1.91e-04      4509    4861MB (peak 6076MB)
  6380  1.0230    2.78  1.90e-04      4421    4861MB (peak 6076MB)
  6400  1.2669    3.55  1.90e-04      4420    4861MB (peak 6076MB)
  6420  1.5550    4.74  1.89e-04      4594    4861MB (peak 6076MB)
  6440  1.1327    3.10  1.89e-04      4553    4861MB (peak 6076MB)
  6460  1.0582    2.88  1.88e-04      4573    4861MB (peak 6076MB)
  6480  1.2182    3.38  1.87e-04      4593    4861MB (peak 6076MB)
  6500  1.2391    3.45  1.87e-04      4591    4861MB (peak 6076MB)
[eval] step=6500  dev_ppl=3.155
[ckpt] src/sara_brain/cortex/checkpoints/grammar_prod_006500.pt
  6520  1.0979    3.00  1.86e-04      1737    4861MB (peak 6076MB)
  6540  1.2711    3.56  1.86e-04      4609    4861MB (peak 6076MB)
  6560  1.1510    3.16  1.85e-04      4613    4861MB (peak 6076MB)
  6580  1.0337    2.81  1.84e-04      4615    4861MB (peak 6076MB)
  6600  1.1835    3.27  1.84e-04      4498    4861MB (peak 6076MB)
  6620  1.0518    2.86  1.83e-04      4560    4861MB (peak 6076MB)
  6640  1.2248    3.40  1.83e-04      4594    4861MB (peak 6076MB)
  6660  1.1212    3.07  1.82e-04      4597    4861MB (peak 6076MB)
  6680  1.1924    3.29  1.81e-04      4603    4861MB (peak 6076MB)
  6700  1.2321    3.43  1.81e-04      4554    4861MB (peak 6076MB)
  6720  1.1322    3.10  1.80e-04      4577    4861MB (peak 6076MB)
  6740  1.0218    2.78  1.80e-04      4602    4861MB (peak 6076MB)
  6760  1.3087    3.70  1.79e-04      4545    4861MB (peak 6076MB)
  6780  1.1899    3.29  1.78e-04      4560    4861MB (peak 6076MB)
  6800  1.0444    2.84  1.78e-04      4317    4861MB (peak 6076MB)
  6820  1.1792    3.25  1.77e-04      4297    4861MB (peak 6076MB)
  6840  1.1622    3.20  1.77e-04      4501    4861MB (peak 6076MB)
  6860  1.0243    2.79  1.76e-04      4573    4861MB (peak 6076MB)
  6880  1.1274    3.09  1.75e-04      4562    4861MB (peak 6076MB)
  6900  1.1354    3.11  1.75e-04      4533    4861MB (peak 6076MB)
  6920  1.0795    2.94  1.74e-04      4559    4861MB (peak 6076MB)
  6940  1.1633    3.20  1.74e-04      4560    4861MB (peak 6076MB)
  6960  1.0768    2.94  1.73e-04      4595    4861MB (peak 6076MB)
  6980  1.1239    3.08  1.72e-04      4560    4861MB (peak 6076MB)
  7000  1.2996    3.67  1.72e-04      4612    4861MB (peak 6076MB)
[eval] step=7000  dev_ppl=2.979
[ckpt] src/sara_brain/cortex/checkpoints/grammar_prod_007000.pt
  7020  1.4094    4.09  1.71e-04      1734    4861MB (peak 6076MB)
  7040  1.1142    3.05  1.71e-04      4488    4861MB (peak 6076MB)
  7060  1.0663    2.90  1.70e-04      4530    4861MB (peak 6076MB)
  7080  1.0003    2.72  1.69e-04      4545    4861MB (peak 6076MB)
  7100  1.0536    2.87  1.69e-04      4571    4861MB (peak 6076MB)
  7120  1.1065    3.02  1.68e-04      4565    4861MB (peak 6076MB)
  7140  1.2062    3.34  1.68e-04      4528    4861MB (peak 6076MB)
  7160  1.1158    3.05  1.67e-04      4584    4861MB (peak 6076MB)
  7180  1.1723    3.23  1.66e-04      4536    4861MB (peak 6076MB)
  7200  1.1845    3.27  1.66e-04      4482    4861MB (peak 6076MB)
  7220  0.9786    2.66  1.65e-04      4603    4861MB (peak 6076MB)
  7240  1.0862    2.96  1.64e-04      4575    4861MB (peak 6076MB)
  7260  0.9528    2.59  1.64e-04      4528    4861MB (peak 6076MB)
  7280  1.0614    2.89  1.63e-04      4533    4861MB (peak 6076MB)
  7300  1.1732    3.23  1.63e-04      4599    4861MB (peak 6076MB)
  7320  1.0603    2.89  1.62e-04      4525    4861MB (peak 6076MB)
  7340  1.0627    2.89  1.61e-04      4589    4861MB (peak 6076MB)
  7360  1.1339    3.11  1.61e-04      4631    4861MB (peak 6076MB)
  7380  1.1588    3.19  1.60e-04      4601    4861MB (peak 6076MB)
  7400  1.1233    3.07  1.60e-04      4585    4861MB (peak 6076MB)
  7420  1.1390    3.12  1.59e-04      4590    4861MB (peak 6076MB)
  7440  1.1173    3.06  1.58e-04      4553    4861MB (peak 6076MB)
  7460  1.4124    4.11  1.58e-04      4545    4861MB (peak 6076MB)
  7480  1.1270    3.09  1.57e-04      4577    4861MB (peak 6076MB)
  7500  1.0514    2.86  1.57e-04      4579    4861MB (peak 6076MB)
[eval] step=7500  dev_ppl=3.018
[ckpt] src/sara_brain/cortex/checkpoints/grammar_prod_007500.pt
  7520  0.9357    2.55  1.56e-04      1648    4861MB (peak 6076MB)
  7540  1.0912    2.98  1.55e-04      4549    4861MB (peak 6076MB)
  7560  1.2057    3.34  1.55e-04      4575    4861MB (peak 6076MB)
  7580  1.2067    3.34  1.54e-04      4581    4861MB (peak 6076MB)
  7600  1.0348    2.81  1.53e-04      4577    4861MB (peak 6076MB)
  7620  1.0271    2.79  1.53e-04      4566    4861MB (peak 6076MB)
  7640  1.1783    3.25  1.52e-04      4574    4861MB (peak 6076MB)
  7660  1.0911    2.98  1.52e-04      4565    4861MB (peak 6076MB)
  7680  1.0362    2.82  1.51e-04      4532    4861MB (peak 6076MB)
  7700  1.2247    3.40  1.50e-04      4586    4861MB (peak 6076MB)
  7720  1.0442    2.84  1.50e-04      4590    4861MB (peak 6076MB)
  7740  1.0599    2.89  1.49e-04      4518    4861MB (peak 6076MB)
  7760  1.1710    3.23  1.49e-04      4525    4861MB (peak 6076MB)
  7780  1.2241    3.40  1.48e-04      4547    4861MB (peak 6076MB)
  7800  1.1987    3.32  1.47e-04      4595    4861MB (peak 6076MB)
  7820  1.1486    3.15  1.47e-04      4612    4861MB (peak 6076MB)
  7840  1.1636    3.20  1.46e-04      4523    4861MB (peak 6076MB)
  7860  1.2646    3.54  1.46e-04      4528    4861MB (peak 6076MB)
  7880  1.0057    2.73  1.45e-04      4533    4861MB (peak 6076MB)
  7900  1.1722    3.23  1.44e-04      4610    4861MB (peak 6076MB)
  7920  1.0885    2.97  1.44e-04      4632    4861MB (peak 6076MB)
  7940  1.3102    3.71  1.43e-04      4594    4861MB (peak 6076MB)
  7960  1.2980    3.66  1.42e-04      4606    4861MB (peak 6076MB)
  7980  1.2936    3.65  1.42e-04      4589    4861MB (peak 6076MB)
  8000  1.1427    3.14  1.41e-04      4612    4861MB (peak 6076MB)
[eval] step=8000  dev_ppl=3.133
[ckpt] src/sara_brain/cortex/checkpoints/grammar_prod_008000.pt
  8020  1.1597    3.19  1.41e-04      1677    4861MB (peak 6076MB)
  8040  1.2876    3.62  1.40e-04      4438    4861MB (peak 6076MB)
  8060  1.1868    3.28  1.39e-04      4600    4861MB (peak 6076MB)
  8080  1.1847    3.27  1.39e-04      4621    4861MB (peak 6076MB)
  8100  0.9554    2.60  1.38e-04      4631    4861MB (peak 6076MB)
  8120  1.2588    3.52  1.38e-04      4586    4861MB (peak 6076MB)
  8140  1.0949    2.99  1.37e-04      4569    4861MB (peak 6076MB)
  8160  1.1487    3.15  1.36e-04      4489    4861MB (peak 6076MB)
  8180  1.0963    2.99  1.36e-04      4628    4861MB (peak 6076MB)
  8200  1.1440    3.14  1.35e-04      4614    4861MB (peak 6076MB)
  8220  1.1580    3.18  1.35e-04      4572    4861MB (peak 6076MB)
  8240  1.1155    3.05  1.34e-04      4601    4861MB (peak 6076MB)
  8260  1.1315    3.10  1.33e-04      4558    4861MB (peak 6076MB)
  8280  1.1333    3.11  1.33e-04      4500    4861MB (peak 6076MB)
  8300  1.0242    2.78  1.32e-04      4592    4861MB (peak 6076MB)
  8320  1.0133    2.75  1.32e-04      4539    4861MB (peak 6076MB)
  8340  1.1352    3.11  1.31e-04      4472    4861MB (peak 6076MB)
  8360  1.0400    2.83  1.30e-04      4526    4861MB (peak 6076MB)
  8380  1.1576    3.18  1.30e-04      4587    4861MB (peak 6076MB)
  8400  1.3076    3.70  1.29e-04      4612    4861MB (peak 6076MB)
  8420  1.2077    3.35  1.29e-04      4610    4861MB (peak 6076MB)
  8440  1.1106    3.04  1.28e-04      4569    4861MB (peak 6076MB)
  8460  1.1291    3.09  1.27e-04      4562    4861MB (peak 6076MB)
  8480  1.2255    3.41  1.27e-04      4565    4861MB (peak 6076MB)
  8500  1.0860    2.96  1.26e-04      4596    4861MB (peak 6076MB)
[eval] step=8500  dev_ppl=3.089
[ckpt] src/sara_brain/cortex/checkpoints/grammar_prod_008500.pt
  8520  0.9958    2.71  1.26e-04      1698    4861MB (peak 6076MB)
  8540  1.2045    3.34  1.25e-04      4587    4861MB (peak 6076MB)
  8560  1.0875    2.97  1.24e-04      4612    4861MB (peak 6076MB)
  8580  1.1590    3.19  1.24e-04      4554    4861MB (peak 6076MB)
  8600  1.0921    2.98  1.23e-04      4550    4861MB (peak 6076MB)
  8620  1.0906    2.98  1.23e-04      4611    4861MB (peak 6076MB)
  8640  1.0360    2.82  1.22e-04      4613    4861MB (peak 6076MB)
  8660  1.1190    3.06  1.21e-04      4533    4861MB (peak 6076MB)
  8680  1.2168    3.38  1.21e-04      4609    4861MB (peak 6076MB)
  8700  1.2226    3.40  1.20e-04      4573    4861MB (peak 6076MB)
  8720  1.2010    3.32  1.20e-04      4636    4861MB (peak 6076MB)
  8740  1.1001    3.00  1.19e-04      4608    4861MB (peak 6076MB)
  8760  0.9248    2.52  1.18e-04      4643    4861MB (peak 6076MB)
  8780  1.1937    3.30  1.18e-04      4617    4861MB (peak 6076MB)
  8800  1.0994    3.00  1.17e-04      4548    4861MB (peak 6076MB)
  8820  1.1653    3.21  1.17e-04      4505    4861MB (peak 6076MB)
  8840  1.2826    3.61  1.16e-04      4593    4861MB (peak 6076MB)
  8860  1.0993    3.00  1.15e-04      4360    4861MB (peak 6076MB)
  8880  1.2291    3.42  1.15e-04      4511    4861MB (peak 6076MB)
  8900  1.0148    2.76  1.14e-04      4528    4861MB (peak 6076MB)
  8920  0.9533    2.59  1.14e-04      4597    4861MB (peak 6076MB)
  8940  1.2285    3.42  1.13e-04      4569    4861MB (peak 6076MB)
  8960  1.0547    2.87  1.13e-04      4527    4861MB (peak 6076MB)
  8980  1.3661    3.92  1.12e-04      4511    4861MB (peak 6076MB)
  9000  1.0272    2.79  1.11e-04      4577    4861MB (peak 6076MB)
[eval] step=9000  dev_ppl=3.155
[ckpt] src/sara_brain/cortex/checkpoints/grammar_prod_009000.pt
  9020  0.9926    2.70  1.11e-04      1725    4861MB (peak 6076MB)
  9040  1.0738    2.93  1.10e-04      4563    4861MB (peak 6076MB)
  9060  1.2260    3.41  1.10e-04      4587    4861MB (peak 6076MB)
  9080  1.2063    3.34  1.09e-04      4596    4861MB (peak 6076MB)
  9100  1.2172    3.38  1.08e-04      4589    4861MB (peak 6076MB)
  9120  1.1784    3.25  1.08e-04      4583    4861MB (peak 6076MB)
  9140  1.1390    3.12  1.07e-04      4598    4861MB (peak 6076MB)
  9160  1.1232    3.07  1.07e-04      4620    4861MB (peak 6076MB)
  9180  1.2778    3.59  1.06e-04      4593    4861MB (peak 6076MB)
  9200  1.0257    2.79  1.06e-04      4617    4861MB (peak 6076MB)
  9220  1.0334    2.81  1.05e-04      4583    4861MB (peak 6076MB)
  9240  1.0981    3.00  1.04e-04      4628    4861MB (peak 6076MB)
  9260  1.0086    2.74  1.04e-04      4583    4861MB (peak 6076MB)
  9280  1.1779    3.25  1.03e-04      4614    4861MB (peak 6076MB)
  9300  1.1651    3.21  1.03e-04      4613    4861MB (peak 6076MB)
  9320  1.0458    2.85  1.02e-04      4608    4861MB (peak 6076MB)
  9340  1.1435    3.14  1.02e-04      4588    4861MB (peak 6076MB)
  9360  1.1734    3.23  1.01e-04      4589    4861MB (peak 6076MB)
  9380  0.9763    2.65  1.00e-04      4477    4861MB (peak 6076MB)
  9400  1.0619    2.89  9.99e-05      4536    4861MB (peak 6076MB)
  9420  1.1648    3.21  9.93e-05      4545    4861MB (peak 6076MB)
  9440  1.0746    2.93  9.87e-05      4484    4861MB (peak 6076MB)
  9460  1.0660    2.90  9.82e-05      4546    4861MB (peak 6076MB)
  9480  1.2603    3.53  9.76e-05      4563    4861MB (peak 6076MB)
  9500  1.1208    3.07  9.70e-05      4585    4861MB (peak 6076MB)
[eval] step=9500  dev_ppl=3.147
[ckpt] src/sara_brain/cortex/checkpoints/grammar_prod_009500.pt
  9520  1.3097    3.71  9.65e-05      1728    4861MB (peak 6076MB)
  9540  1.0605    2.89  9.59e-05      4551    4861MB (peak 6076MB)
  9560  1.0763    2.93  9.54e-05      4593    4861MB (peak 6076MB)
  9580  1.1182    3.06  9.48e-05      4562    4861MB (peak 6076MB)
  9600  1.1948    3.30  9.43e-05      4541    4861MB (peak 6076MB)
  9620  1.3189    3.74  9.37e-05      4548    4861MB (peak 6076MB)
  9640  1.1001    3.00  9.32e-05      4573    4861MB (peak 6076MB)
  9660  0.9318    2.54  9.26e-05      4472    4861MB (peak 6076MB)
  9680  1.1222    3.07  9.20e-05      4538    4861MB (peak 6076MB)
  9700  1.0101    2.75  9.15e-05      4520    4861MB (peak 6076MB)
  9720  1.0145    2.76  9.09e-05      4541    4861MB (peak 6076MB)
  9740  1.0699    2.92  9.04e-05      4560    4861MB (peak 6076MB)
  9760  1.0807    2.95  8.99e-05      4539    4861MB (peak 6076MB)
  9780  1.1138    3.05  8.93e-05      4477    4861MB (peak 6076MB)
  9800  1.1817    3.26  8.88e-05      1134    4861MB (peak 6076MB)
  9820  0.9558    2.60  8.82e-05      4548    4861MB (peak 6076MB)
  9840  1.0679    2.91  8.77e-05      4495    4861MB (peak 6076MB)
  9860  1.0519    2.86  8.71e-05      4568    4861MB (peak 6076MB)
  9880  1.0788    2.94  8.66e-05      4540    4861MB (peak 6076MB)
  9900  1.0537    2.87  8.61e-05      4570    4861MB (peak 6076MB)
  9920  1.1746    3.24  8.55e-05      4595    4861MB (peak 6076MB)
  9940  1.1598    3.19  8.50e-05      4520    4861MB (peak 6076MB)
  9960  1.1439    3.14  8.45e-05      4541    4861MB (peak 6076MB)
  9980  1.2538    3.50  8.39e-05      4565    4861MB (peak 6076MB)
 10000  1.2866    3.62  8.34e-05      4587    4861MB (peak 6076MB)
[eval] step=10000  dev_ppl=3.018
[ckpt] src/sara_brain/cortex/checkpoints/grammar_prod_010000.pt
 10020  0.9523    2.59  8.29e-05      1681    4861MB (peak 6076MB)
 10040  1.1698    3.22  8.23e-05      4487    4861MB (peak 6076MB)
 10060  1.0228    2.78  8.18e-05      4560    4861MB (peak 6076MB)
 10080  0.9803    2.67  8.13e-05      4609    4861MB (peak 6076MB)
 10100  1.0769    2.94  8.07e-05      4562    4861MB (peak 6076MB)
 10120  1.1443    3.14  8.02e-05      4582    4861MB (peak 6076MB)
 10140  1.1443    3.14  7.97e-05      4602    4861MB (peak 6076MB)
 10160  1.0788    2.94  7.92e-05      4552    4861MB (peak 6076MB)
 10180  1.1033    3.01  7.87e-05      4592    4861MB (peak 6076MB)
 10200  1.0667    2.91  7.81e-05      4586    4861MB (peak 6076MB)
 10220  1.0792    2.94  7.76e-05      4578    4861MB (peak 6076MB)
 10240  1.2142    3.37  7.71e-05      4605    4861MB (peak 6076MB)
 10260  0.9916    2.70  7.66e-05      4552    4861MB (peak 6076MB)
 10280  1.1292    3.09  7.61e-05      4455    4861MB (peak 6076MB)
 10300  1.0542    2.87  7.56e-05      4564    4861MB (peak 6076MB)
 10320  1.0510    2.86  7.50e-05      4539    4861MB (peak 6076MB)
 10340  1.0265    2.79  7.45e-05      4518    4861MB (peak 6076MB)
 10360  1.1242    3.08  7.40e-05      4463    4861MB (peak 6076MB)
 10380  1.0997    3.00  7.35e-05      4534    4861MB (peak 6076MB)
 10400  0.9140    2.49  7.30e-05      4539    4861MB (peak 6076MB)
 10420  1.0964    2.99  7.25e-05      4558    4861MB (peak 6076MB)
 10440  1.1371    3.12  7.20e-05      4579    4861MB (peak 6076MB)
 10460  1.1489    3.15  7.15e-05      4571    4861MB (peak 6076MB)
 10480  1.1064    3.02  7.10e-05      4586    4861MB (peak 6076MB)
 10500  0.9609    2.61  7.05e-05      4592    4861MB (peak 6076MB)
[eval] step=10500  dev_ppl=3.043
[ckpt] src/sara_brain/cortex/checkpoints/grammar_prod_010500.pt
 10520  1.0364    2.82  7.00e-05      1657    4861MB (peak 6076MB)
 10540  1.1710    3.23  6.95e-05      4535    4861MB (peak 6076MB)
 10560  1.1020    3.01  6.90e-05      4534    4861MB (peak 6076MB)
 10580  1.2101    3.35  6.85e-05      4544    4861MB (peak 6076MB)
 10600  1.2250    3.40  6.80e-05      4593    4861MB (peak 6076MB)
 10620  1.3193    3.74  6.76e-05      4611    4861MB (peak 6076MB)
 10640  1.0342    2.81  6.71e-05      4591    4861MB (peak 6076MB)
 10660  1.0615    2.89  6.66e-05      4527    4861MB (peak 6076MB)
 10680  1.0642    2.90  6.61e-05      4522    4861MB (peak 6076MB)
 10700  1.1449    3.14  6.56e-05      4495    4861MB (peak 6076MB)
 10720  1.3414    3.82  6.51e-05      4540    4861MB (peak 6076MB)
 10740  1.1293    3.09  6.47e-05      4587    4861MB (peak 6076MB)
 10760  1.0137    2.76  6.42e-05      4562    4861MB (peak 6076MB)
 10780  1.1632    3.20  6.37e-05      4553    4861MB (peak 6076MB)
 10800  1.0491    2.86  6.32e-05      4605    4861MB (peak 6076MB)
 10820  1.3008    3.67  6.28e-05      4506    4861MB (peak 6076MB)
 10840  1.1897    3.29  6.23e-05      4633    4861MB (peak 6076MB)
 10860  1.1061    3.02  6.18e-05      4640    4861MB (peak 6076MB)
 10880  0.9676    2.63  6.14e-05      4604    4861MB (peak 6076MB)
 10900  0.9771    2.66  6.09e-05      4608    4861MB (peak 6076MB)
 10920  1.0498    2.86  6.04e-05      4526    4861MB (peak 6076MB)
 10940  1.1974    3.31  6.00e-05      4412    4861MB (peak 6076MB)
 10960  1.0396    2.83  5.95e-05      4577    4861MB (peak 6076MB)
 10980  1.2067    3.34  5.90e-05      4539    4861MB (peak 6076MB)
 11000  1.0006    2.72  5.86e-05      4500    4861MB (peak 6076MB)
[eval] step=11000  dev_ppl=2.979
[ckpt] src/sara_brain/cortex/checkpoints/grammar_prod_011000.pt
 11020  1.1124    3.04  5.81e-05      1630    4861MB (peak 6076MB)
 11040  1.1794    3.25  5.77e-05      4471    4861MB (peak 6076MB)
 11060  1.4142    4.11  5.72e-05      4549    4861MB (peak 6076MB)
 11080  1.0700    2.92  5.68e-05      4581    4861MB (peak 6076MB)
 11100  0.9733    2.65  5.63e-05      4566    4861MB (peak 6076MB)
 11120  1.1422    3.13  5.59e-05      4518    4861MB (peak 6076MB)
 11140  1.1408    3.13  5.54e-05      4576    4861MB (peak 6076MB)
 11160  1.1510    3.16  5.50e-05      4596    4861MB (peak 6076MB)
 11180  0.9893    2.69  5.45e-05      4609    4861MB (peak 6076MB)
 11200  1.0679    2.91  5.41e-05      4613    4861MB (peak 6076MB)
 11220  1.1480    3.15  5.37e-05      4546    4861MB (peak 6076MB)
 11240  1.2195    3.39  5.32e-05      4593    4861MB (peak 6076MB)
 11260  1.0363    2.82  5.28e-05      4574    4861MB (peak 6076MB)
 11280  1.1808    3.26  5.24e-05      4581    4861MB (peak 6076MB)
 11300  1.0813    2.95  5.19e-05      4583    4861MB (peak 6076MB)
 11320  1.2498    3.49  5.15e-05      4586    4861MB (peak 6076MB)
 11340  1.0077    2.74  5.11e-05      4531    4861MB (peak 6076MB)
 11360  1.0362    2.82  5.06e-05      4534    4861MB (peak 6076MB)
 11380  1.0162    2.76  5.02e-05      4559    4861MB (peak 6076MB)
 11400  1.1093    3.03  4.98e-05      4569    4861MB (peak 6076MB)
 11420  1.1305    3.10  4.94e-05      4574    4861MB (peak 6076MB)
 11440  1.1061    3.02  4.90e-05      4542    4861MB (peak 6076MB)
 11460  1.2092    3.35  4.85e-05      4469    4861MB (peak 6076MB)
 11480  0.9907    2.69  4.81e-05      4561    4861MB (peak 6076MB)
 11500  1.0475    2.85  4.77e-05      4560    4861MB (peak 6076MB)
[eval] step=11500  dev_ppl=3.097
[ckpt] src/sara_brain/cortex/checkpoints/grammar_prod_011500.pt
 11520  0.9709    2.64  4.73e-05      1723    4861MB (peak 6076MB)
 11540  1.2227    3.40  4.69e-05      4600    4861MB (peak 6076MB)
 11560  1.2082    3.35  4.65e-05      4530    4861MB (peak 6076MB)
 11580  0.8941    2.45  4.61e-05      4583    4861MB (peak 6076MB)
 11600  1.0844    2.96  4.57e-05      4598    4861MB (peak 6076MB)
 11620  1.0010    2.72  4.53e-05      4536    4861MB (peak 6076MB)
 11640  0.9874    2.68  4.49e-05      4518    4861MB (peak 6076MB)
 11660  1.2571    3.52  4.45e-05      4460    4861MB (peak 6076MB)
 11680  0.9883    2.69  4.41e-05      4517    4861MB (peak 6076MB)
 11700  1.0313    2.80  4.37e-05      4548    4861MB (peak 6076MB)
 11720  1.1247    3.08  4.33e-05      4541    4861MB (peak 6076MB)
 11740  1.1319    3.10  4.29e-05      4572    4861MB (peak 6076MB)
 11760  1.0240    2.78  4.25e-05      4537    4861MB (peak 6076MB)
 11780  0.9908    2.69  4.22e-05      4437    4861MB (peak 6076MB)
 11800  1.0583    2.88  4.18e-05      4405    4861MB (peak 6076MB)
 11820  1.0319    2.81  4.14e-05      4615    4861MB (peak 6076MB)
 11840  0.9435    2.57  4.10e-05      4543    4861MB (peak 6076MB)
 11860  1.2363    3.44  4.06e-05      4545    4861MB (peak 6076MB)
 11880  1.0717    2.92  4.03e-05      4533    4861MB (peak 6076MB)
 11900  1.1615    3.19  3.99e-05      4504    4861MB (peak 6076MB)
 11920  1.2050    3.34  3.95e-05      4506    4861MB (peak 6076MB)
 11940  0.9727    2.64  3.91e-05      4548    4861MB (peak 6076MB)
 11960  0.9793    2.66  3.88e-05      4538    4861MB (peak 6076MB)
 11980  1.0736    2.93  3.84e-05      4573    4861MB (peak 6076MB)
 12000  1.0306    2.80  3.81e-05      4544    4861MB (peak 6076MB)
[eval] step=12000  dev_ppl=3.097
[ckpt] src/sara_brain/cortex/checkpoints/grammar_prod_012000.pt
 12020  1.0910    2.98  3.77e-05      1641    4861MB (peak 6076MB)
 12040  1.1675    3.21  3.73e-05      4598    4861MB (peak 6076MB)
 12060  1.0947    2.99  3.70e-05      4596    4861MB (peak 6076MB)
 12080  1.0276    2.79  3.66e-05      4589    4861MB (peak 6076MB)
 12100  0.9819    2.67  3.63e-05      4551    4861MB (peak 6076MB)
 12120  1.1034    3.01  3.59e-05      4576    4861MB (peak 6076MB)
 12140  1.1504    3.16  3.56e-05      4590    4861MB (peak 6076MB)
 12160  1.0228    2.78  3.52e-05      4543    4861MB (peak 6076MB)
 12180  1.0533    2.87  3.49e-05      4567    4861MB (peak 6076MB)
 12200  1.0384    2.82  3.45e-05      4586    4861MB (peak 6076MB)
 12220  1.0649    2.90  3.42e-05      4584    4861MB (peak 6076MB)
 12240  1.0230    2.78  3.39e-05      4561    4861MB (peak 6076MB)
 12260  1.0459    2.85  3.35e-05      4511    4861MB (peak 6076MB)
 12280  0.9646    2.62  3.32e-05      4441    4861MB (peak 6076MB)
 12300  1.0521    2.86  3.29e-05      4537    4861MB (peak 6076MB)
 12320  1.1187    3.06  3.25e-05      4466    4861MB (peak 6076MB)
 12340  1.1175    3.06  3.22e-05      4456    4861MB (peak 6076MB)
 12360  1.2638    3.54  3.19e-05      4557    4861MB (peak 6076MB)
 12380  0.9780    2.66  3.16e-05      4567    4861MB (peak 6076MB)
 12400  1.1158    3.05  3.12e-05      4524    4861MB (peak 6076MB)
 12420  1.1970    3.31  3.09e-05      4505    4861MB (peak 6076MB)
 12440  1.0075    2.74  3.06e-05      4537    4861MB (peak 6076MB)
 12460  0.9694    2.64  3.03e-05      4543    4861MB (peak 6076MB)
 12480  1.0751    2.93  3.00e-05      4560    4861MB (peak 6076MB)
 12500  0.9458    2.57  2.97e-05      4526    4861MB (peak 6076MB)
[eval] step=12500  dev_ppl=3.084
[ckpt] src/sara_brain/cortex/checkpoints/grammar_prod_012500.pt
 12520  1.1209    3.07  2.94e-05      1623    4861MB (peak 6076MB)
 12540  0.9875    2.68  2.91e-05      4555    4861MB (peak 6076MB)
 12560  1.2347    3.44  2.88e-05      4582    4861MB (peak 6076MB)
 12580  1.2370    3.45  2.85e-05      4550    4861MB (peak 6076MB)
 12600  1.1668    3.21  2.82e-05      4527    4861MB (peak 6076MB)
 12620  1.0103    2.75  2.79e-05      4493    4861MB (peak 6076MB)
 12640  1.1571    3.18  2.76e-05      4511    4861MB (peak 6076MB)
